  net_serial.cpp
d:\githubdata\laser_detected\sdk\include\rplidar_protocol.h(59): warning C4200: 使用了非标准扩展: 结构/联合中的零大小数组
  d:\githubdata\laser_detected\sdk\include\rplidar_protocol.h(59): note: 默认构造函数或 copy/move 赋值运算符将忽略此成员
d:\githubdata\laser_detected\sdk\include\rplidar_cmd.h(244): warning C4200: 使用了非标准扩展: 结构/联合中的零大小数组
  d:\githubdata\laser_detected\sdk\include\rplidar_cmd.h(244): note: 默认构造函数或 copy/move 赋值运算符将忽略此成员
  net_socket.cpp
d:\githubdata\laser_detected\sdk\include\rplidar_protocol.h(59): warning C4200: 使用了非标准扩展: 结构/联合中的零大小数组
  d:\githubdata\laser_detected\sdk\include\rplidar_protocol.h(59): note: 默认构造函数或 copy/move 赋值运算符将忽略此成员
d:\githubdata\laser_detected\sdk\include\rplidar_cmd.h(244): warning C4200: 使用了非标准扩展: 结构/联合中的零大小数组
  d:\githubdata\laser_detected\sdk\include\rplidar_cmd.h(244): note: 默认构造函数或 copy/move 赋值运算符将忽略此成员
  timer.cpp
d:\githubdata\laser_detected\sdk\include\rplidar_protocol.h(59): warning C4200: 使用了非标准扩展: 结构/联合中的零大小数组
  d:\githubdata\laser_detected\sdk\include\rplidar_protocol.h(59): note: 默认构造函数或 copy/move 赋值运算符将忽略此成员
d:\githubdata\laser_detected\sdk\include\rplidar_cmd.h(244): warning C4200: 使用了非标准扩展: 结构/联合中的零大小数组
  d:\githubdata\laser_detected\sdk\include\rplidar_cmd.h(244): note: 默认构造函数或 copy/move 赋值运算符将忽略此成员
  thread.cpp
d:\githubdata\laser_detected\sdk\include\rplidar_protocol.h(59): warning C4200: 使用了非标准扩展: 结构/联合中的零大小数组
  d:\githubdata\laser_detected\sdk\include\rplidar_protocol.h(59): note: 默认构造函数或 copy/move 赋值运算符将忽略此成员
d:\githubdata\laser_detected\sdk\include\rplidar_cmd.h(244): warning C4200: 使用了非标准扩展: 结构/联合中的零大小数组
  d:\githubdata\laser_detected\sdk\include\rplidar_cmd.h(244): note: 默认构造函数或 copy/move 赋值运算符将忽略此成员
  rplidar_driver.cpp
d:\githubdata\laser_detected\sdk\include\rplidar_protocol.h(59): warning C4200: 使用了非标准扩展: 结构/联合中的零大小数组
  d:\githubdata\laser_detected\sdk\include\rplidar_protocol.h(59): note: 默认构造函数或 copy/move 赋值运算符将忽略此成员
d:\githubdata\laser_detected\sdk\include\rplidar_cmd.h(244): warning C4200: 使用了非标准扩展: 结构/联合中的零大小数组
  d:\githubdata\laser_detected\sdk\include\rplidar_cmd.h(244): note: 默认构造函数或 copy/move 赋值运算符将忽略此成员
..\..\..\..\GithubData\Laser_Detected\sdk\src\rplidar_driver.cpp(1932): warning C4267: “初始化”: 从“size_t”转换到“_u8”，可能丢失数据
  rplidar_driver.vcxproj -> D:\GithubData\Laser_Detected\laser_detect\\..\..\output\win32\Release\rplidar_driver.lib
